501977703
645869332
640829194
645829884
645372061
645491386
641774995
640591890
640050083
638839284
643456781
645827877
645384444
646027123
645574312
645550181
646030808
646336386
646020089
646084901
644133409
646102507
638981437
643062826
578317029
264394656
335269398
645387053
645318456
640606491
642088635
643351986
638718354
645355989
645697986
646108705
639637954
643391761
642032842
196993159
643231463
643646597
644349490
644775339
345736039
645564136
602675068
559935336
556435264
640435960
525306319
345714879
346379319
346601220
349476999
349441208
287661650
521572543
520556928
646025220
646152873
646081328
645636642
645559772
645883522
646077294
646161261
646123430
645735972
640894099
640912660
645909688
646350469
646248625
646244405
646318933
645730218
646379332
646121076
646067622
645644797
645305325
643030230
641593304
645937891
646093457
645356006
645760156
645616357
645303340
645897645
641999269
641310790
640696810
639420750
640755417
640756079
640976296
642881709
643609975
